[2018-10-12 10:18:56] INFO [utils.config_log:23] 程序启动......
[2018-10-12 10:18:56] INFO [utils.config_log:25] 读取配置(mztj.ini)文件成功
[2018-10-12 10:18:56] INFO [utils.config_log:27] 读取配置(parse.ini)文件成功
[2018-10-12 10:18:56] INFO [utils.config_log:29] 读取配置(custom.ini)文件成功
[2018-10-12 10:18:56] INFO [utils.config_log:31] 读取配置(version.ini)文件成功
[2018-10-12 10:18:56] INFO [utils.config_log:33] 读取配置(database.ini)文件成功
[2018-10-12 10:18:59] INFO [sqlalchemy.engine.base.Engine:109] select @@version
[2018-10-12 10:18:59] INFO [sqlalchemy.engine.base.Engine:109] {}
[2018-10-12 10:18:59] INFO [sqlalchemy.engine.base.Engine:109] SELECT schema_name()
[2018-10-12 10:18:59] INFO [sqlalchemy.engine.base.Engine:109] {}
[2018-10-12 10:18:59] INFO [sqlalchemy.engine.base.Engine:109] SELECT CAST('test plain returns' AS VARCHAR(60)) AS anon_1
[2018-10-12 10:18:59] INFO [sqlalchemy.engine.base.Engine:109] {}
[2018-10-12 10:18:59] INFO [sqlalchemy.engine.base.Engine:109] SELECT CAST('test unicode returns' AS NVARCHAR(60)) AS anon_1
[2018-10-12 10:18:59] INFO [sqlalchemy.engine.base.Engine:109] {}
[2018-10-12 10:18:59] INFO [sqlalchemy.engine.base.Engine:109] BEGIN (implicit)
[2018-10-12 10:18:59] INFO [sqlalchemy.engine.base.Engine:109] SELECT [SS_OPERATE_USER].xtsb AS [SS_OPERATE_USER_xtsb], [SS_OPERATE_USER].yhdm AS [SS_OPERATE_USER_yhdm], [SS_OPERATE_USER].yhzm AS [SS_OPERATE_USER_yhzm], [SS_OPERATE_USER].yhmc AS [SS_OPERATE_USER_yhmc], [SS_OPERATE_USER].yhkl AS [SS_OPERATE_USER_yhkl], [SS_OPERATE_USER].yhzt AS [SS_OPERATE_USER_yhzt] 
FROM [SS_OPERATE_USER] 
WHERE [SS_OPERATE_USER].xtsb = %(xtsb_1)s AND [SS_OPERATE_USER].yhdm = %(yhdm_1)s
[2018-10-12 10:18:59] INFO [sqlalchemy.engine.base.Engine:109] {'xtsb_1': '101', 'yhdm_1': 'BSSA'}
[2018-10-12 10:20:02] INFO [utils.config_log:23] 程序启动......
[2018-10-12 10:20:02] INFO [utils.config_log:25] 读取配置(mztj.ini)文件成功
[2018-10-12 10:20:02] INFO [utils.config_log:27] 读取配置(parse.ini)文件成功
[2018-10-12 10:20:02] INFO [utils.config_log:29] 读取配置(custom.ini)文件成功
[2018-10-12 10:20:02] INFO [utils.config_log:31] 读取配置(version.ini)文件成功
[2018-10-12 10:20:02] INFO [utils.config_log:33] 读取配置(database.ini)文件成功
[2018-10-12 10:20:34] INFO [utils.config_log:182] 写入配置(custom.ini)文件成功
[2018-10-12 10:20:34] INFO [utils.config_log:183] 用户：管理员(BSSA) 登陆成功！
